<?xml version="1.0" encoding="UTF-8"?>
<testng-results ignored="0" total="1" passed="1" failed="0" skipped="0">
  <reporter-output>
  </reporter-output>
  <suite started-at="2023-11-10T13:20:11 IST" name="Default suite" finished-at="2023-11-10T13:20:28 IST" duration-ms="17276">
    <groups>
    </groups>
    <test started-at="2023-11-10T13:20:11 IST" name="Default test" finished-at="2023-11-10T13:20:28 IST" duration-ms="17276">
      <class name="testcase.Testcaseforgoutpassword">
        <test-method is-config="true" signature="openApplication()[pri:0, instance:testcase.Testcaseforgoutpassword@206a70ef]" started-at="2023-11-10T13:20:11 IST" name="openApplication" finished-at="2023-11-10T13:20:15 IST" duration-ms="3746" status="PASS">
          <reporter-output>
          </reporter-output>
        </test-method> <!-- openApplication -->
        <test-method signature="Forgotpassword()[pri:0, instance:testcase.Testcaseforgoutpassword@206a70ef]" started-at="2023-11-10T13:20:15 IST" name="Forgotpassword" finished-at="2023-11-10T13:20:28 IST" duration-ms="13364" status="PASS">
          <reporter-output>
          </reporter-output>
        </test-method> <!-- Forgotpassword -->
        <test-method is-config="true" signature="closeApplication()[pri:0, instance:testcase.Testcaseforgoutpassword@206a70ef]" started-at="2023-11-10T13:20:28 IST" name="closeApplication" finished-at="2023-11-10T13:20:28 IST" duration-ms="117" status="PASS">
          <reporter-output>
          </reporter-output>
        </test-method> <!-- closeApplication -->
      </class> <!-- testcase.Testcaseforgoutpassword -->
    </test> <!-- Default test -->
  </suite> <!-- Default suite -->
</testng-results>
